Using pre-set license
Built from '2021.3/staging' branch; Version is '2021.3.16f1 (4016570cf34f) revision 4200023'; Using compiler version '192829333'; Build Type 'Release'
OS: 'Windows 11  (10.0.22000) 64bit Professional' Language: 'ko' Physical Memory: 32544 MB
BatchMode: 1, IsHumanControllingUs: 0, StartBugReporterOnCrash: 0, Is64bit: 1, IsPro: 1

COMMAND LINE ARGUMENTS:
D:\2021.3.16f1\Editor\Unity.exe
-adb2
-batchMode
-noUpm
-name
AssetImportWorker2
-projectPath
D:/Dongseo_Pub/Project-Dongseo-Pub
-logFile
Logs/AssetImportWorker2.log
-srvPort
59014
Successfully changed project path to: D:/Dongseo_Pub/Project-Dongseo-Pub
D:/Dongseo_Pub/Project-Dongseo-Pub
[UnityMemory] Configuration Parameters - Can be set up in boot.config
    "memorysetup-bucket-allocator-granularity=16"
    "memorysetup-bucket-allocator-bucket-count=8"
    "memorysetup-bucket-allocator-block-size=33554432"
    "memorysetup-bucket-allocator-block-count=8"
    "memorysetup-main-allocator-block-size=16777216"
    "memorysetup-thread-allocator-block-size=16777216"
    "memorysetup-gfx-main-allocator-block-size=16777216"
    "memorysetup-gfx-thread-allocator-block-size=16777216"
    "memorysetup-cache-allocator-block-size=4194304"
    "memorysetup-typetree-allocator-block-size=2097152"
    "memorysetup-profiler-bucket-allocator-granularity=16"
    "memorysetup-profiler-bucket-allocator-bucket-count=8"
    "memorysetup-profiler-bucket-allocator-block-size=33554432"
    "memorysetup-profiler-bucket-allocator-block-count=8"
    "memorysetup-profiler-allocator-block-size=16777216"
    "memorysetup-profiler-editor-allocator-block-size=1048576"
    "memorysetup-temp-allocator-size-main=16777216"
    "memorysetup-job-temp-allocator-block-size=2097152"
    "memorysetup-job-temp-allocator-block-size-background=1048576"
    "memorysetup-job-temp-allocator-reduction-small-platforms=262144"
    "memorysetup-temp-allocator-size-background-worker=32768"
    "memorysetup-temp-allocator-size-job-worker=262144"
    "memorysetup-temp-allocator-size-preload-manager=33554432"
    "memorysetup-temp-allocator-size-nav-mesh-worker=65536"
    "memorysetup-temp-allocator-size-audio-worker=65536"
    "memorysetup-temp-allocator-size-cloud-worker=32768"
    "memorysetup-temp-allocator-size-gi-baking-worker=262144"
    "memorysetup-temp-allocator-size-gfx=262144"
Player connection [18448] Host "[IP] 192.168.133.48 [Port] 0 [Flags] 2 [Guid] 2181441984 [EditorId] 2181441984 [Version] 1048832 [Id] WindowsEditor(7,DESKTOP-9J2DAE7) [Debug] 1 [PackageName] WindowsEditor [ProjectName] Editor" joined multi-casting on [225.0.0.222:54997]...

Player connection [18448] Host "[IP] 192.168.133.48 [Port] 0 [Flags] 2 [Guid] 2181441984 [EditorId] 2181441984 [Version] 1048832 [Id] WindowsEditor(7,DESKTOP-9J2DAE7) [Debug] 1 [PackageName] WindowsEditor [ProjectName] Editor" joined alternative multi-casting on [225.0.0.222:34997]...

Refreshing native plugins compatible for Editor in 93.07 ms, found 4 plugins.
Preloading 0 native plugins for Editor in 0.00 ms.
Initialize engine version: 2021.3.16f1 (4016570cf34f)
[Subsystems] Discovering subsystems at path D:/2021.3.16f1/Editor/Data/Resources/UnitySubsystems
[Subsystems] Discovering subsystems at path D:/Dongseo_Pub/Project-Dongseo-Pub/Assets
GfxDevice: creating device client; threaded=0; jobified=0
Direct3D:
    Version:  Direct3D 11.0 [level 11.1]
    Renderer: NVIDIA GeForce RTX 3060 Ti (ID=0x2489)
    Vendor:   NVIDIA
    VRAM:     8050 MB
    Driver:   30.0.14.7404
Initialize mono
Mono path[0] = 'D:/2021.3.16f1/Editor/Data/Managed'
Mono path[1] = 'D:/2021.3.16f1/Editor/Data/MonoBleedingEdge/lib/mono/unityjit-win32'
Mono config path = 'D:/2021.3.16f1/Editor/Data/MonoBleedingEdge/etc'
Using monoOptions --debugger-agent=transport=dt_socket,embedding=1,server=y,suspend=n,address=127.0.0.1:56512
Begin MonoManager ReloadAssembly
Registering precompiled unity dll's ...
Register platform support module: D:/2021.3.16f1/Editor/Data/PlaybackEngines/WebGLSupport/UnityEditor.WebGL.Extensions.dll
Register platform support module: D:/2021.3.16f1/Editor/Data/PlaybackEngines/WindowsStandaloneSupport/UnityEditor.WindowsStandalone.Extensions.dll
Registered in 0.001665 seconds.
Native extension for WindowsStandalone target not found
Native extension for WebGL target not found
Refreshing native plugins compatible for Editor in 85.76 ms, found 4 plugins.
Preloading 0 native plugins for Editor in 0.00 ms.
Mono: successfully reloaded assembly
- Completed reload, in  0.662 seconds
Domain Reload Profiling:
	ReloadAssembly (663ms)
		BeginReloadAssembly (83ms)
			ExecutionOrderSort (0ms)
			DisableScriptedObjects (0ms)
			BackupInstance (0ms)
			ReleaseScriptingObjects (0ms)
			CreateAndSetChildDomain (1ms)
		EndReloadAssembly (476ms)
			LoadAssemblies (83ms)
			RebuildTransferFunctionScriptingTraits (0ms)
			SetupTypeCache (121ms)
			ReleaseScriptCaches (0ms)
			RebuildScriptCaches (28ms)
			SetupLoadedEditorAssemblies (275ms)
				LogAssemblyErrors (0ms)
				InitializePlatformSupportModulesInManaged (6ms)
				SetLoadedEditorAssemblies (0ms)
				RefreshPlugins (86ms)
				BeforeProcessingInitializeOnLoad (1ms)
				ProcessInitializeOnLoadAttributes (131ms)
				ProcessInitializeOnLoadMethodAttributes (52ms)
				AfterProcessingInitializeOnLoad (0ms)
				EditorAssembliesLoaded (0ms)
			ExecutionOrderSort2 (0ms)
			AwakeInstancesAfterBackupRestoration (0ms)
Platform modules already initialized, skipping
Registering precompiled user dll's ...
Registered in 0.007640 seconds.
Begin MonoManager ReloadAssembly
Symbol file LoadedFromMemory doesn't match image D:\Dongseo_Pub\Project-Dongseo-Pub\Library\PackageCache\com.unity.visualscripting@1.7.8\Editor\VisualScripting.Core\Dependencies\YamlDotNet\Unity.VisualScripting.YamlDotNet.dll
Symbol file LoadedFromMemory doesn't match image D:\Dongseo_Pub\Project-Dongseo-Pub\Library\PackageCache\com.unity.visualscripting@1.7.8\Editor\VisualScripting.Core\Dependencies\DotNetZip\Unity.VisualScripting.IonicZip.dll
Native extension for WindowsStandalone target not found
Native extension for WebGL target not found
Refreshing native plugins compatible for Editor in 82.05 ms, found 4 plugins.
Preloading 0 native plugins for Editor in 0.00 ms.
Mono: successfully reloaded assembly
- Completed reload, in  0.986 seconds
Domain Reload Profiling:
	ReloadAssembly (987ms)
		BeginReloadAssembly (96ms)
			ExecutionOrderSort (0ms)
			DisableScriptedObjects (5ms)
			BackupInstance (0ms)
			ReleaseScriptingObjects (0ms)
			CreateAndSetChildDomain (17ms)
		EndReloadAssembly (796ms)
			LoadAssemblies (82ms)
			RebuildTransferFunctionScriptingTraits (0ms)
			SetupTypeCache (220ms)
			ReleaseScriptCaches (1ms)
			RebuildScriptCaches (49ms)
			SetupLoadedEditorAssemblies (408ms)
				LogAssemblyErrors (0ms)
				InitializePlatformSupportModulesInManaged (3ms)
				SetLoadedEditorAssemblies (0ms)
				RefreshPlugins (82ms)
				BeforeProcessingInitializeOnLoad (77ms)
				ProcessInitializeOnLoadAttributes (207ms)
				ProcessInitializeOnLoadMethodAttributes (36ms)
				AfterProcessingInitializeOnLoad (2ms)
				EditorAssembliesLoaded (0ms)
			ExecutionOrderSort2 (0ms)
			AwakeInstancesAfterBackupRestoration (11ms)
Platform modules already initialized, skipping
========================================================================
Worker process is ready to serve import requests
Launched and connected shader compiler UnityShaderCompiler.exe after 0.04 seconds
Refreshing native plugins compatible for Editor in 1.03 ms, found 4 plugins.
Preloading 0 native plugins for Editor in 0.00 ms.
Unloading 4054 Unused Serialized files (Serialized files now loaded: 0)
Unloading 38 unused Assets / (56.4 KB). Loaded Objects now: 4511.
Memory consumption went from 150.9 MB to 150.9 MB.
Total: 3.336400 ms (FindLiveObjects: 0.287600 ms CreateObjectMapping: 0.255600 ms MarkObjects: 2.659100 ms  DeleteObjects: 0.132800 ms)

AssetImportParameters requested are different than current active one (requested -> active):
  custom:video-decoder-ogg-theora: a1e56fd34408186e4bbccfd4996cb3dc -> 
  custom:container-muxer-webm: aa71ff27fc2769a1b78a27578f13a17b -> 
  custom:container-demuxer-webm: 4f35f7cbe854078d1ac9338744f61a02 -> 
  custom:video-encoder-webm-vp8: eb34c28f22e8b96e1ab97ce403110664 -> 
  custom:audio-encoder-webm-vorbis: bf7c407c2cedff20999df2af8eb42d56 -> 
  custom:framework-win-MediaFoundation: 216162199b28c13a410421893ffa2e32 -> 
  custom:container-demuxer-ogg: 62fdf1f143b41e24485cea50d1cbac27 -> 
  custom:video-decoder-webm-vp8: 9c59270c3fd7afecdb556c50c9e8de78 -> 
  custom:audio-decoder-ogg-vorbis: bf7c407c2cedff20999df2af8eb42d56 -> 
========================================================================
Received Import Request.
  Time since last request: 804364.935485 seconds.
  path: Assets/Images/0. 임시/주인공 스프라이트
  artifactKey: Guid(beb262f2df8c3c2429d2d30320974508) Importer(815301076,1909f56bfc062723c751e8b465ee728b)
Start importing Assets/Images/0. 임시/주인공 스프라이트 using Guid(beb262f2df8c3c2429d2d30320974508) Importer(815301076,1909f56bfc062723c751e8b465ee728b)  -> (artifact id: 'c01012e546b4b7f620cfdcd6b319f1b2') in 0.009945 seconds 
========================================================================
Received Import Request.
  Time since last request: 82.828326 seconds.
  path: Assets/Images/0. 임시/주인공 스프라이트/주인공B.png
  artifactKey: Guid(40b30910b4fe096448684f53d1157555) Importer(815301076,1909f56bfc062723c751e8b465ee728b)
Start importing Assets/Images/0. 임시/주인공 스프라이트/주인공B.png using Guid(40b30910b4fe096448684f53d1157555) Importer(815301076,1909f56bfc062723c751e8b465ee728b)  -> (artifact id: 'a6010cd2f9027c42893f5cd11ef63121') in 0.248386 seconds 
========================================================================
Received Import Request.
  Time since last request: 0.000029 seconds.
  path: Assets/Images/0. 임시/주인공 스프라이트/주인공B2.png
  artifactKey: Guid(5376f1486ca803148991519c66f7da7f) Importer(815301076,1909f56bfc062723c751e8b465ee728b)
Start importing Assets/Images/0. 임시/주인공 스프라이트/주인공B2.png using Guid(5376f1486ca803148991519c66f7da7f) Importer(815301076,1909f56bfc062723c751e8b465ee728b)  -> (artifact id: '6b8beeeb2a5c4def5dda68f1ffa747e9') in 0.120348 seconds 
========================================================================
Received Import Request.
  Time since last request: 0.000033 seconds.
  path: Assets/Images/0. 임시/주인공 스프라이트/주인공F 1.png
  artifactKey: Guid(9fce2a62280e25f4ca98499f02d72c68) Importer(815301076,1909f56bfc062723c751e8b465ee728b)
Start importing Assets/Images/0. 임시/주인공 스프라이트/주인공F 1.png using Guid(9fce2a62280e25f4ca98499f02d72c68) Importer(815301076,1909f56bfc062723c751e8b465ee728b)  -> (artifact id: 'd6017fcc64fb2899d75f0280b9653839') in 0.122742 seconds 
========================================================================
Received Import Request.
  Time since last request: 0.000023 seconds.
  path: Assets/Images/0. 임시/주인공 스프라이트/주인공S1.png
  artifactKey: Guid(c636480f4a2cb12469d447c846b21372) Importer(815301076,1909f56bfc062723c751e8b465ee728b)
Start importing Assets/Images/0. 임시/주인공 스프라이트/주인공S1.png using Guid(c636480f4a2cb12469d447c846b21372) Importer(815301076,1909f56bfc062723c751e8b465ee728b)  -> (artifact id: 'f382da16f3ad154bed5f220698fc32f0') in 0.097470 seconds 
========================================================================
Received Import Request.
  Time since last request: 36.942971 seconds.
  path: Assets/Images/0. 임시/주인공 스프라이트/주인공B1.png
  artifactKey: Guid(b5d002323daf76449adbb9c360a1d976) Importer(815301076,1909f56bfc062723c751e8b465ee728b)
Start importing Assets/Images/0. 임시/주인공 스프라이트/주인공B1.png using Guid(b5d002323daf76449adbb9c360a1d976) Importer(815301076,1909f56bfc062723c751e8b465ee728b)  -> (artifact id: 'e74662e5f92ee2bd9657f92510477eb5') in 0.022778 seconds 
========================================================================
Received Import Request.
  Time since last request: 0.000017 seconds.
  path: Assets/Images/0. 임시/주인공 스프라이트/주인공F2.png
  artifactKey: Guid(d2ef45535cf7d61498cb5e7af1ccd4c1) Importer(815301076,1909f56bfc062723c751e8b465ee728b)
Start importing Assets/Images/0. 임시/주인공 스프라이트/주인공F2.png using Guid(d2ef45535cf7d61498cb5e7af1ccd4c1) Importer(815301076,1909f56bfc062723c751e8b465ee728b)  -> (artifact id: 'bf683d8c327b3f6ff37e613252047750') in 0.028400 seconds 
========================================================================
Received Import Request.
  Time since last request: 0.000019 seconds.
  path: Assets/Images/0. 임시/주인공 스프라이트/주인공S1.png
  artifactKey: Guid(c636480f4a2cb12469d447c846b21372) Importer(815301076,1909f56bfc062723c751e8b465ee728b)
Start importing Assets/Images/0. 임시/주인공 스프라이트/주인공S1.png using Guid(c636480f4a2cb12469d447c846b21372) Importer(815301076,1909f56bfc062723c751e8b465ee728b)  -> (artifact id: '279a520ab5290689d304b5a0da57ebef') in 0.012369 seconds 
========================================================================
Received Import Request.
  Time since last request: 0.000018 seconds.
  path: Assets/Images/0. 임시/주인공 스프라이트/주인공F1.png
  artifactKey: Guid(bddbbd39ef3243745b9e4e1cc87797a8) Importer(815301076,1909f56bfc062723c751e8b465ee728b)
Start importing Assets/Images/0. 임시/주인공 스프라이트/주인공F1.png using Guid(bddbbd39ef3243745b9e4e1cc87797a8) Importer(815301076,1909f56bfc062723c751e8b465ee728b)  -> (artifact id: 'c5db2445223c9aa31b01d1cbfdf925c7') in 0.023224 seconds 
Editor requested this worker to shutdown with reason: Scaling down because of idle timeout
AssetImportWorker is now disconnected from the server
Process exiting
Exiting without the bug reporter. Application will terminate with return code 0